https://youtube.com
https://plus.google.com/+youtube
https://google.com/intl/en/policies/privacy/
https://accounts.google.com/SignUp?continue=https%3A%2F%2Faccounts.google.com%2FManageAccount&amp;hl=en
https://google.com/intl/en/about
https://accounts.google.com/TOS?loc=US&hl=en&privacy=true
https://families.google.com/familylink/privacy/child-policy?utm_source=google_privacy_policy&amp;hl=en
https://support.google.com/policies/troubleshooter/2990837?hl=en
https://support.google.com/accounts/answer/112783?hl=en
https://support.google.com/plus/answer/1355890?hl=en
https://support.google.com/plus/bin/static.py?hl=en&amp;page=guide.cs&amp;guide=1257347
https://dataliberation.org/
https://support.google.com/a/answer/178897?hl=en
https://support.google.com/websearch/answer/173733?hl=en
https://google.com/chrome/intl/en/more/security.html
https://fi.google.com/about/tos/
https://privacy.google.com/?hl=en
https://privacy.google.com?hl=en
https://accounts.google.com/SignUp?continue=https%3A%2F%2Faccounts.google.com%2FManageAccount
https://accounts.google.com/SignUpWithoutGmail?dsh=7487351348046333256&amp;continue=https%3A%2F%2Faccounts.google.com%2FManageAccount
https://support.google.com/accounts?hl=en
https://support.google.com/accounts/bin/answer.py?hl=en&amp;answer=58585
https://support.google.com/bin/static.py?hl=en&amp;ts=1114905&amp;page=ts.cs
https://google.com/policies/privacy/
https://support.google.com/ads/answer/2662856
https://support.google.com/families?p=parentalconsent_help
https://support.google.com/families/contact/families_email?hl=en&amp;cfsi=families_support&amp;cfnti=escalationflow.email&amp;cft=3
https://support.google.com/nexus/answer/4457705
https://google.com
